<?xml version="1.0" encoding="UTF-8"?>
<!-- Generated by org.testng.reporters.JUnitReportReporter -->
<testsuite hostname="LAPTOP-RBI3I0R1" failures="0" tests="2" name="org.sample.Sample_DataP1" time="0.011" errors="0" timestamp="2023-08-07T07:17:45 IST" skipped="0">
  <testcase classname="org.sample.Sample_DataP1" name="test1" time="0.001"/>
  <testcase classname="org.sample.Sample_DataP1" name="test1" time="0.010"/>
</testsuite> <!-- org.sample.Sample_DataP1 -->
