<?xml version="1.0" encoding="UTF-8"?>
<!-- Generated by org.testng.reporters.JUnitReportReporter -->
<testsuite hostname="LAPTOP-RBI3I0R1" failures="0" tests="2" name="org.sample.Facebook" time="0.174" errors="0" timestamp="2023-08-03T06:06:26 IST" skipped="0">
  <testcase classname="org.sample.Facebook" name="user" time="0.084"/>
  <system-out/>
  <testcase classname="org.sample.Facebook" name="pass" time="0.090"/>
  <system-out/>
</testsuite> <!-- org.sample.Facebook -->
