<?xml version="1.0" encoding="UTF-8"?>
<!-- Generated by org.testng.reporters.JUnitReportReporter -->
<testsuite hostname="LAPTOP-RBI3I0R1" failures="0" tests="2" name="org.sample.FlipKart" time="6.700" errors="0" timestamp="2023-08-04T08:02:34 IST" skipped="0">
  <testcase classname="org.sample.FlipKart" name="test1" time="4.923"/>
  <testcase classname="org.sample.FlipKart" name="test1" time="1.777"/>
</testsuite> <!-- org.sample.FlipKart -->
